<?xml version="1.0" encoding="UTF-8"?>
<!-- Generated by org.testng.reporters.JUnitReportReporter -->
<testsuite hostname="DESKTOP-FUBA5B9" failures="0" tests="3" name="com.test.carttest" time="27.142" errors="0" timestamp="2024-03-24T15:56:33 IST" skipped="0">
  <testcase classname="com.test.carttest" name="loginpagetest" time="3.309"/>
  <system-out/>
  <testcase classname="com.test.carttest" name="homepagetest" time="8.433"/>
  <system-out/>
  <testcase classname="com.test.carttest" name="cartpagetest" time="15.400"/>
  <system-out/>
</testsuite> <!-- com.test.carttest -->
